e:\proj3\project3\utilities\debug\executive.ilk
e:\proj3\project3\utilities\debug\executive.exe
e:\proj3\project3\utilities\debug\executive.pdb
e:\proj3\project3\utilities\debug\executive.lib
e:\proj3\project3\utilities\debug\executive.exp
e:\proj3\project3\utilities\executive\debug\executive.pdb
e:\proj3\project3\utilities\executive\debug\executive.idb
e:\proj3\project3\utilities\executive\debug\executive.obj
e:\proj3\project3\utilities\executive\debug\vc141.pdb
e:\proj3\project3\utilities\executive\debug\vc141.idb
e:\proj3\project3\utilities\executive\debug\executive.tlog\link.read.1.tlog
e:\proj3\project3\utilities\executive\debug\executive.tlog\link.command.1.tlog
e:\proj3\project3\utilities\executive\debug\executive.tlog\link.write.1.tlog
e:\proj3\project3\utilities\executive\debug\executive.tlog\link.delete.1.tlog
e:\proj3\project3\utilities\executive\debug\executive.tlog\cl.read.1.tlog
e:\proj3\project3\utilities\executive\debug\executive.tlog\lib.command.1.tlog
e:\proj3\project3\utilities\executive\debug\executive.tlog\cl.command.1.tlog
e:\proj3\project3\utilities\executive\debug\executive.tlog\lib-link.read.1.tlog
e:\proj3\project3\utilities\executive\debug\executive.tlog\executive.write.1u.tlog
e:\proj3\project3\utilities\executive\debug\executive.tlog\lib-link.write.1.tlog
e:\proj3\project3\utilities\executive\debug\executive.tlog\cl.write.1.tlog
